2020-01-14 22:54:41,963 INFO o.a.j.u.JMeterUtils: Setting Locale to en_GB
2020-01-14 22:54:41,991 INFO o.a.j.JMeter: Loading user properties from: user.properties
2020-01-14 22:54:41,992 INFO o.a.j.JMeter: Loading system properties from: system.properties
2020-01-14 22:54:41,994 INFO o.a.j.JMeter: Copyright (c) 1998-2019 The Apache Software Foundation
2020-01-14 22:54:41,994 INFO o.a.j.JMeter: Version 5.2.1
2020-01-14 22:54:41,994 INFO o.a.j.JMeter: java.version=1.8.0_191
2020-01-14 22:54:41,994 INFO o.a.j.JMeter: java.vm.name=Java HotSpot(TM) 64-Bit Server VM
2020-01-14 22:54:41,994 INFO o.a.j.JMeter: os.name=Mac OS X
2020-01-14 22:54:41,994 INFO o.a.j.JMeter: os.arch=x86_64
2020-01-14 22:54:41,994 INFO o.a.j.JMeter: os.version=10.14.5
2020-01-14 22:54:41,994 INFO o.a.j.JMeter: file.encoding=UTF-8
2020-01-14 22:54:41,994 INFO o.a.j.JMeter: java.awt.headless=null
2020-01-14 22:54:41,994 INFO o.a.j.JMeter: Max memory     =3817865216
2020-01-14 22:54:41,994 INFO o.a.j.JMeter: Available Processors =8
2020-01-14 22:54:41,998 INFO o.a.j.JMeter: Default Locale=English (United Kingdom)
2020-01-14 22:54:41,998 INFO o.a.j.JMeter: JMeter  Locale=English (United Kingdom)
2020-01-14 22:54:41,998 INFO o.a.j.JMeter: JMeterHome=/Users/jeremy/Documents/GitHub/PerformaceTestSamples/apache-jmeter-5.2.1
2020-01-14 22:54:41,998 INFO o.a.j.JMeter: user.dir  =/Users/jeremy/Documents/GitHub/PerformaceTestSamples/apache-jmeter-5.2.1/bin
2020-01-14 22:54:41,998 INFO o.a.j.JMeter: PWD       =/Users/jeremy/Documents/GitHub/PerformaceTestSamples/apache-jmeter-5.2.1/bin
2020-01-14 22:54:42,002 INFO o.a.j.JMeter: IP: 192.168.1.93 Name: jeremys-MBP FullName: jeremys-mbp
2020-01-14 22:54:43,341 INFO o.a.j.g.a.LookAndFeelCommand: Installing Darcula LAF
2020-01-14 22:54:43,354 INFO o.a.j.g.a.LookAndFeelCommand: Using look and feel: com.bulenkov.darcula.DarculaLaf [Darcula]
2020-01-14 22:54:43,354 INFO o.a.j.JMeter: Setting LAF to: com.bulenkov.darcula.DarculaLaf
2020-01-14 22:54:43,421 INFO o.a.j.JMeter: Loaded icon properties from org/apache/jmeter/images/icon.properties
2020-01-14 22:54:44,241 INFO o.j.r.JARSourceHTTP: Requesting https://jmeter-plugins.org/repo/?installID=mac_os_x-0fdb9e8fec3327fa818ec6d1c67d2a43-gui
2020-01-14 22:54:46,134 INFO o.a.j.p.h.s.HTTPSamplerBase: Parser for text/html is org.apache.jmeter.protocol.http.parser.LagartoBasedHtmlParser
2020-01-14 22:54:46,135 INFO o.a.j.p.h.s.HTTPSamplerBase: Parser for application/xhtml+xml is org.apache.jmeter.protocol.http.parser.LagartoBasedHtmlParser
2020-01-14 22:54:46,135 INFO o.a.j.p.h.s.HTTPSamplerBase: Parser for application/xml is org.apache.jmeter.protocol.http.parser.LagartoBasedHtmlParser
2020-01-14 22:54:46,135 INFO o.a.j.p.h.s.HTTPSamplerBase: Parser for text/xml is org.apache.jmeter.protocol.http.parser.LagartoBasedHtmlParser
2020-01-14 22:54:46,135 INFO o.a.j.p.h.s.HTTPSamplerBase: Parser for text/vnd.wap.wml is org.apache.jmeter.protocol.http.parser.RegexpHTMLParser
2020-01-14 22:54:46,135 INFO o.a.j.p.h.s.HTTPSamplerBase: Parser for text/css is org.apache.jmeter.protocol.http.parser.CssParser
2020-01-14 22:54:46,318 INFO o.j.r.PluginManager: Plugins Status: [jpgc-casutg=2.9, jpgc-json=2.7, jpgc-perfmon=2.1, jpgc-plugins-manager=1.3, jmeter-core=5.2.1, jmeter-ftp=5.2.1, jmeter-http=5.2.1, jmeter-jdbc=5.2.1, jmeter-jms=5.2.1, jmeter-junit=5.2.1, jmeter-java=5.2.1, jmeter-ldap=5.2.1, jmeter-mail=5.2.1, jmeter-mongodb=5.2.1, jmeter-native=5.2.1, jmeter-tcp=5.2.1, jmeter-components=5.2.1]
2020-01-14 22:54:46,392 INFO o.a.j.e.KeyToolUtils: keytool found at 'keytool'
2020-01-14 22:54:46,392 INFO o.a.j.p.h.p.ProxyControl: HTTP(S) Test Script Recorder SSL Proxy will use keys that support embedded 3rd party resources in file /Users/jeremy/Documents/GitHub/PerformaceTestSamples/apache-jmeter-5.2.1/bin/proxyserver.jks
2020-01-14 22:54:46,492 INFO o.a.j.s.FileServer: Default base='/Users/jeremy/Documents/GitHub/PerformaceTestSamples/apache-jmeter-5.2.1/bin'
2020-01-14 22:54:46,696 INFO o.a.j.s.SampleResult: Note: Sample TimeStamps are START times
2020-01-14 22:54:46,696 INFO o.a.j.s.SampleResult: sampleresult.default.encoding is set to ISO-8859-1
2020-01-14 22:54:46,696 INFO o.a.j.s.SampleResult: sampleresult.useNanoTime=true
2020-01-14 22:54:46,696 INFO o.a.j.s.SampleResult: sampleresult.nanoThreadSleep=5000
2020-01-14 22:55:16,403 INFO o.a.j.g.a.Load: Loading file: /Users/jeremy/Documents/GitHub/PerformaceTestSamples/apache-jmeter-5.2.1/TestCase/Odoo_Login_Scenario_Recorder.jmx
2020-01-14 22:55:16,403 INFO o.a.j.s.FileServer: Set new base='/Users/jeremy/Documents/GitHub/PerformaceTestSamples/apache-jmeter-5.2.1/TestCase'
2020-01-14 22:55:16,568 INFO o.a.j.s.SaveService: Testplan (JMX) version: 2.2. Testlog (JTL) version: 2.2
2020-01-14 22:55:16,570 INFO o.a.j.s.SaveService: Using SaveService properties file encoding UTF-8
2020-01-14 22:55:16,572 INFO o.a.j.s.SaveService: Using SaveService properties version 5.0
2020-01-14 22:55:16,575 INFO o.a.j.s.SaveService: Loading file: /Users/jeremy/Documents/GitHub/PerformaceTestSamples/apache-jmeter-5.2.1/TestCase/Odoo_Login_Scenario_Recorder.jmx
2020-01-14 22:55:16,798 INFO o.a.j.p.h.c.CookieManager: Settings: Delete null: true Check: true Allow variable: true Save: false Prefix: COOKIE_
2020-01-14 22:55:16,800 INFO o.a.j.p.h.c.CacheManager: Will only cache the following methods: [GET]
2020-01-14 22:55:16,961 INFO o.a.j.e.u.CompoundVariable: Note: Function class names must contain the string: '.functions.'
2020-01-14 22:55:16,962 INFO o.a.j.e.u.CompoundVariable: Note: Function class names must not contain the string: '.gui.'
2020-01-14 22:55:17,439 INFO o.a.j.s.FileServer: Set new base='/Users/jeremy/Documents/GitHub/PerformaceTestSamples/apache-jmeter-5.2.1/TestCase'
2020-01-14 22:55:31,128 INFO o.a.j.e.StandardJMeterEngine: Running the test!
2020-01-14 22:55:31,129 INFO o.a.j.s.SampleEvent: List of sample_variables: []
2020-01-14 22:55:31,129 INFO o.a.j.s.SampleEvent: List of sample_variables: []
2020-01-14 22:55:31,138 INFO o.a.j.g.u.JMeterMenuBar: setRunning(true, *local*)
2020-01-14 22:55:31,379 INFO o.a.j.e.StandardJMeterEngine: Starting ThreadGroup: 1 : Debugging Script
2020-01-14 22:55:31,379 INFO o.a.j.e.StandardJMeterEngine: Starting 10 threads for group Debugging Script.
2020-01-14 22:55:31,379 INFO o.a.j.e.StandardJMeterEngine: Thread will continue on error
2020-01-14 22:55:31,379 INFO o.a.j.t.ThreadGroup: Starting thread group... number=1 threads=10 ramp-up=1 delayedStart=false
2020-01-14 22:55:31,385 INFO o.a.j.t.JMeterThread: Thread started: Debugging Script 1-1
2020-01-14 22:55:31,400 INFO o.a.j.t.ThreadGroup: Started thread group number 1
2020-01-14 22:55:31,400 INFO o.a.j.e.StandardJMeterEngine: All thread groups have been started
2020-01-14 22:55:31,401 INFO o.a.j.p.h.s.HTTPHCAbstractImpl: Local host = jeremys-MBP
2020-01-14 22:55:31,407 INFO o.a.j.p.h.s.HTTPHC4Impl: HTTP request retry count = 0
2020-01-14 22:55:31,485 INFO o.a.j.p.h.p.BaseParser: Created org.apache.jmeter.protocol.http.parser.LagartoBasedHtmlParser
2020-01-14 22:55:31,487 INFO o.a.j.t.JMeterThread: Thread started: Debugging Script 1-2
2020-01-14 22:55:31,555 INFO o.a.j.p.h.s.ResourcesDownloader: Creating ResourcesDownloader with keepalive_inseconds : 60
2020-01-14 22:55:31,588 INFO o.a.j.t.JMeterThread: Thread started: Debugging Script 1-3
2020-01-14 22:55:31,640 INFO o.a.j.p.h.p.BaseParser: Created org.apache.jmeter.protocol.http.parser.CssParser
2020-01-14 22:55:31,686 INFO o.a.j.t.JMeterThread: Thread started: Debugging Script 1-4
2020-01-14 22:55:31,787 INFO o.a.j.t.JMeterThread: Thread started: Debugging Script 1-5
2020-01-14 22:55:31,885 INFO o.a.j.t.JMeterThread: Thread started: Debugging Script 1-6
2020-01-14 22:55:31,983 INFO o.a.j.t.JMeterThread: Thread started: Debugging Script 1-7
2020-01-14 22:55:32,084 INFO o.a.j.t.JMeterThread: Thread started: Debugging Script 1-8
2020-01-14 22:55:32,187 INFO o.a.j.t.JMeterThread: Thread started: Debugging Script 1-9
2020-01-14 22:55:32,282 INFO o.a.j.t.JMeterThread: Thread started: Debugging Script 1-10
2020-01-14 22:55:41,386 INFO o.a.j.t.JMeterThread: Thread is done: Debugging Script 1-2
2020-01-14 22:55:41,387 INFO o.a.j.t.JMeterThread: Thread finished: Debugging Script 1-2
2020-01-14 22:55:41,460 INFO o.a.j.t.JMeterThread: Thread is done: Debugging Script 1-1
2020-01-14 22:55:41,460 INFO o.a.j.t.JMeterThread: Thread finished: Debugging Script 1-1
2020-01-14 22:55:41,908 INFO o.a.j.t.JMeterThread: Thread is done: Debugging Script 1-3
2020-01-14 22:55:41,908 INFO o.a.j.t.JMeterThread: Thread finished: Debugging Script 1-3
2020-01-14 22:55:41,930 INFO o.a.j.t.JMeterThread: Thread is done: Debugging Script 1-6
2020-01-14 22:55:41,930 INFO o.a.j.t.JMeterThread: Thread finished: Debugging Script 1-6
2020-01-14 22:55:42,023 INFO o.a.j.t.JMeterThread: Thread is done: Debugging Script 1-9
2020-01-14 22:55:42,023 INFO o.a.j.t.JMeterThread: Thread finished: Debugging Script 1-9
2020-01-14 22:55:42,063 INFO o.a.j.t.JMeterThread: Thread is done: Debugging Script 1-8
2020-01-14 22:55:42,063 INFO o.a.j.t.JMeterThread: Thread finished: Debugging Script 1-8
2020-01-14 22:55:42,094 INFO o.a.j.t.JMeterThread: Thread is done: Debugging Script 1-7
2020-01-14 22:55:42,095 INFO o.a.j.t.JMeterThread: Thread finished: Debugging Script 1-7
2020-01-14 22:55:42,122 INFO o.a.j.t.JMeterThread: Thread is done: Debugging Script 1-10
2020-01-14 22:55:42,123 INFO o.a.j.t.JMeterThread: Thread finished: Debugging Script 1-10
2020-01-14 22:55:42,156 INFO o.a.j.t.JMeterThread: Thread is done: Debugging Script 1-4
2020-01-14 22:55:42,156 INFO o.a.j.t.JMeterThread: Thread finished: Debugging Script 1-4
2020-01-14 22:55:42,179 INFO o.a.j.t.JMeterThread: Thread is done: Debugging Script 1-5
2020-01-14 22:55:42,179 INFO o.a.j.t.JMeterThread: Thread finished: Debugging Script 1-5
2020-01-14 22:55:42,180 INFO o.a.j.e.StandardJMeterEngine: Notifying test listeners of end of test
2020-01-14 22:55:42,183 INFO o.a.j.g.u.JMeterMenuBar: setRunning(false, *local*)
2020-01-14 22:55:49,901 INFO o.a.j.e.StandardJMeterEngine: Running the test!
2020-01-14 22:55:49,901 INFO o.a.j.s.SampleEvent: List of sample_variables: []
2020-01-14 22:55:49,904 INFO o.a.j.g.u.JMeterMenuBar: setRunning(true, *local*)
2020-01-14 22:55:50,169 INFO o.a.j.e.StandardJMeterEngine: Starting ThreadGroup: 1 : Debugging Script
2020-01-14 22:55:50,169 INFO o.a.j.e.StandardJMeterEngine: Starting 10 threads for group Debugging Script.
2020-01-14 22:55:50,169 INFO o.a.j.e.StandardJMeterEngine: Thread will continue on error
2020-01-14 22:55:50,169 INFO o.a.j.t.ThreadGroup: Starting thread group... number=1 threads=10 ramp-up=1 delayedStart=false
2020-01-14 22:55:50,170 INFO o.a.j.t.JMeterThread: Thread started: Debugging Script 1-1
2020-01-14 22:55:50,175 INFO o.a.j.t.ThreadGroup: Started thread group number 1
2020-01-14 22:55:50,175 INFO o.a.j.e.StandardJMeterEngine: All thread groups have been started
2020-01-14 22:55:50,274 INFO o.a.j.t.JMeterThread: Thread started: Debugging Script 1-2
2020-01-14 22:55:50,374 INFO o.a.j.t.JMeterThread: Thread started: Debugging Script 1-3
2020-01-14 22:55:50,474 INFO o.a.j.t.JMeterThread: Thread started: Debugging Script 1-4
2020-01-14 22:55:50,574 INFO o.a.j.t.JMeterThread: Thread started: Debugging Script 1-5
2020-01-14 22:55:50,675 INFO o.a.j.t.JMeterThread: Thread started: Debugging Script 1-6
2020-01-14 22:55:50,775 INFO o.a.j.t.JMeterThread: Thread started: Debugging Script 1-7
2020-01-14 22:55:50,874 INFO o.a.j.t.JMeterThread: Thread started: Debugging Script 1-8
2020-01-14 22:55:50,971 INFO o.a.j.t.JMeterThread: Thread started: Debugging Script 1-9
2020-01-14 22:55:51,075 INFO o.a.j.t.JMeterThread: Thread started: Debugging Script 1-10
2020-01-14 22:55:57,860 INFO o.a.j.t.JMeterThread: Thread is done: Debugging Script 1-1
2020-01-14 22:55:57,860 INFO o.a.j.t.JMeterThread: Thread finished: Debugging Script 1-1
2020-01-14 22:55:58,665 INFO o.a.j.t.JMeterThread: Thread is done: Debugging Script 1-3
2020-01-14 22:55:58,666 INFO o.a.j.t.JMeterThread: Thread finished: Debugging Script 1-3
2020-01-14 22:55:58,812 INFO o.a.j.t.JMeterThread: Thread is done: Debugging Script 1-2
2020-01-14 22:55:58,812 INFO o.a.j.t.JMeterThread: Thread finished: Debugging Script 1-2
2020-01-14 22:55:58,991 INFO o.a.j.t.JMeterThread: Thread is done: Debugging Script 1-8
2020-01-14 22:55:58,991 INFO o.a.j.t.JMeterThread: Thread finished: Debugging Script 1-8
2020-01-14 22:55:59,075 INFO o.a.j.t.JMeterThread: Thread is done: Debugging Script 1-4
2020-01-14 22:55:59,075 INFO o.a.j.t.JMeterThread: Thread finished: Debugging Script 1-4
2020-01-14 22:55:59,103 INFO o.a.j.t.JMeterThread: Thread is done: Debugging Script 1-6
2020-01-14 22:55:59,103 INFO o.a.j.t.JMeterThread: Thread finished: Debugging Script 1-6
2020-01-14 22:55:59,133 INFO o.a.j.t.JMeterThread: Thread is done: Debugging Script 1-7
2020-01-14 22:55:59,134 INFO o.a.j.t.JMeterThread: Thread finished: Debugging Script 1-7
2020-01-14 22:55:59,284 INFO o.a.j.t.JMeterThread: Thread is done: Debugging Script 1-5
2020-01-14 22:55:59,284 INFO o.a.j.t.JMeterThread: Thread finished: Debugging Script 1-5
2020-01-14 22:55:59,376 INFO o.a.j.t.JMeterThread: Thread is done: Debugging Script 1-9
2020-01-14 22:55:59,376 INFO o.a.j.t.JMeterThread: Thread finished: Debugging Script 1-9
2020-01-14 22:55:59,383 INFO o.a.j.t.JMeterThread: Thread is done: Debugging Script 1-10
2020-01-14 22:55:59,383 INFO o.a.j.t.JMeterThread: Thread finished: Debugging Script 1-10
2020-01-14 22:55:59,383 INFO o.a.j.e.StandardJMeterEngine: Notifying test listeners of end of test
2020-01-14 22:55:59,383 INFO o.a.j.g.u.JMeterMenuBar: setRunning(false, *local*)
